2024-08-12 14:27:34,180 - INFO - multi_procesador:190 - 

-------Nuevo lanzamiento del script-------

2024-08-12 14:27:34,181 - INFO - multi_procesador:18 - openpyxl ya está instalado.
2024-08-12 14:27:34,181 - INFO - multi_procesador:31 - Archivo eliminado: C:\Linux\003-endo_p.sh
2024-08-12 14:27:34,182 - INFO - multi_procesador:31 - Archivo eliminado: C:\Linux\004-exo_p.sh
2024-08-12 14:27:34,206 - INFO - multi_procesador:73 - Relanzar archivo: 001_c1.log - Frecuencias negativas
2024-08-12 14:27:34,206 - INFO - multi_procesador:40 - Carpeta creada: Frecuencias Negativas
2024-08-12 14:27:34,209 - INFO - multi_procesador:43 - Archivo movido: 001_c1.log a Frecuencias Negativas
2024-08-12 14:27:34,232 - INFO - multi_procesador:73 - Relanzar archivo: 001_c2.log - Frecuencias negativas
2024-08-12 14:27:34,237 - INFO - multi_procesador:43 - Archivo movido: 001_c2.log a Frecuencias Negativas
2024-08-12 14:27:34,261 - INFO - multi_procesador:73 - Relanzar archivo: 001_c3.log - Frecuencias negativas
2024-08-12 14:27:34,265 - INFO - multi_procesador:43 - Archivo movido: 001_c3.log a Frecuencias Negativas
2024-08-12 14:27:34,406 - INFO - multi_procesador:57 - Relanzar archivo: IRCFO_010_c2.log - No finalizó correctamente
2024-08-12 14:27:34,406 - INFO - multi_procesador:40 - Carpeta creada: Termino Mal
2024-08-12 14:27:34,409 - INFO - multi_procesador:43 - Archivo movido: IRCFO_010_c2.log a Termino Mal
2024-08-12 14:27:34,421 - INFO - multi_procesador:57 - Relanzar archivo: IRCRE_010_c2.log - No finalizó correctamente
2024-08-12 14:27:34,424 - INFO - multi_procesador:43 - Archivo movido: IRCRE_010_c2.log a Termino Mal
2024-08-12 14:27:34,453 - INFO - multi_procesador:98 - Archivos .gjc procesados: ['007_c1.gjc', '007_c2.gjc', '007_c3.gjc', '008_c1.gjc', '008_c2.gjc', 'TS_010_c2.gjc']
2024-08-12 14:27:34,455 - INFO - multi_procesador:40 - Carpeta creada: Relanzar
2024-08-12 14:27:34,458 - INFO - multi_procesador:43 - Archivo movido: 001_c1.gjc a Relanzar
2024-08-12 14:27:34,461 - INFO - multi_procesador:43 - Archivo movido: 001_c2.gjc a Relanzar
2024-08-12 14:27:34,464 - INFO - multi_procesador:43 - Archivo movido: 001_c3.gjc a Relanzar
2024-08-12 14:27:34,467 - INFO - multi_procesador:43 - Archivo movido: 007_c2.gjc a Relanzar
2024-08-12 14:27:34,470 - INFO - multi_procesador:43 - Archivo movido: 007_c3.gjc a Relanzar
2024-08-12 14:27:34,472 - INFO - multi_procesador:43 - Archivo movido: 008_c1.gjc a Relanzar
2024-08-12 14:27:34,475 - INFO - multi_procesador:43 - Archivo movido: 008_c2.gjc a Relanzar
2024-08-12 14:27:34,478 - INFO - multi_procesador:43 - Archivo movido: IRCFO_010_c2.gjc a Relanzar
2024-08-12 14:27:34,481 - INFO - multi_procesador:43 - Archivo movido: IRCRE_010_c2.gjc a Relanzar
2024-08-12 14:27:34,484 - INFO - multi_procesador:43 - Archivo movido: TS_010_c2.gjc a Relanzar
2024-08-12 14:27:34,488 - INFO - multi_procesador:43 - Archivo movido: 007_c1.gjc a Relanzar
2024-08-12 14:27:34,491 - INFO - multi_procesador:183 - Archivo 007_c1.log movido a: C:\Linux\007
2024-08-12 14:27:34,492 - INFO - multi_procesador:183 - Archivo 007_c2.log movido a: C:\Linux\007
2024-08-12 14:27:34,493 - INFO - multi_procesador:183 - Archivo 007_c3.log movido a: C:\Linux\007
2024-08-12 14:27:34,494 - INFO - multi_procesador:183 - Archivo 008_c1.log movido a: C:\Linux\008
2024-08-12 14:27:34,495 - INFO - multi_procesador:183 - Archivo 008_c2.log movido a: C:\Linux\008
2024-08-12 14:27:34,497 - INFO - multi_procesador:183 - Archivo TS_010_c2.log movido a: C:\Linux\TS_010
2024-08-12 14:27:34,508 - INFO - multi_procesador:149 - Datos añadidos del archivo 007_c1.log al Excel '007'
2024-08-12 14:27:34,518 - INFO - multi_procesador:149 - Datos añadidos del archivo 007_c2.log al Excel '007'
2024-08-12 14:27:34,528 - INFO - multi_procesador:149 - Datos añadidos del archivo 007_c3.log al Excel '007'
2024-08-12 14:27:34,540 - INFO - multi_procesador:159 - Archivo Excel guardado: 007.xlsx
2024-08-12 14:27:34,546 - INFO - multi_procesador:149 - Datos añadidos del archivo 008_c1.log al Excel '008'
2024-08-12 14:27:34,561 - INFO - multi_procesador:149 - Datos añadidos del archivo 008_c2.log al Excel '008'
2024-08-12 14:27:34,568 - INFO - multi_procesador:159 - Archivo Excel guardado: 008.xlsx
2024-08-12 14:27:34,593 - INFO - multi_procesador:149 - Datos añadidos del archivo TS_010_c2.log al Excel 'TS_010'
2024-08-12 14:27:34,602 - INFO - multi_procesador:159 - Archivo Excel guardado: TS_010.xlsx
2024-08-12 15:54:26,849 - INFO - multi_procesador:190 - 

-------Nuevo lanzamiento del script-------

2024-08-12 15:54:26,851 - INFO - multi_procesador:18 - openpyxl ya está instalado.
2024-08-12 15:54:26,852 - INFO - multi_procesador:31 - Archivo eliminado: C:\Linux\TS_007_c1.sh
2024-08-12 15:54:26,852 - INFO - multi_procesador:31 - Archivo eliminado: C:\Linux\TS_007_c2.sh
2024-08-12 15:54:26,853 - INFO - multi_procesador:31 - Archivo eliminado: C:\Linux\TS_007_c3.sh
2024-08-12 15:54:26,907 - INFO - multi_procesador:98 - Archivos .gjc procesados: ['TS_007_c1.gjc', 'TS_007_c2.gjc', 'TS_007_c3.gjc']
2024-08-12 15:54:26,909 - INFO - multi_procesador:40 - Carpeta creada: Relanzar
2024-08-12 15:54:26,911 - INFO - multi_procesador:43 - Archivo movido: TS_007_c2.gjc a Relanzar
2024-08-12 15:54:26,913 - INFO - multi_procesador:43 - Archivo movido: TS_007_c3.gjc a Relanzar
2024-08-12 15:54:26,917 - INFO - multi_procesador:43 - Archivo movido: TS_007_c1.gjc a Relanzar
2024-08-12 15:54:26,919 - INFO - multi_procesador:183 - Archivo TS_007_c1.log movido a: C:\Linux\TS_007
2024-08-12 15:54:26,920 - INFO - multi_procesador:183 - Archivo TS_007_c2.log movido a: C:\Linux\TS_007
2024-08-12 15:54:26,921 - INFO - multi_procesador:183 - Archivo TS_007_c3.log movido a: C:\Linux\TS_007
2024-08-12 15:54:26,951 - INFO - multi_procesador:149 - Datos añadidos del archivo TS_007_c1.log al Excel 'TS_007'
2024-08-12 15:54:26,973 - INFO - multi_procesador:149 - Datos añadidos del archivo TS_007_c2.log al Excel 'TS_007'
2024-08-12 15:54:26,993 - INFO - multi_procesador:149 - Datos añadidos del archivo TS_007_c3.log al Excel 'TS_007'
2024-08-12 15:54:27,019 - INFO - multi_procesador:159 - Archivo Excel guardado: TS_007.xlsx
2024-08-12 15:57:55,585 - INFO - multi_procesador:190 - 

-------Nuevo lanzamiento del script-------

2024-08-12 15:57:55,586 - INFO - multi_procesador:18 - openpyxl ya está instalado.
2024-08-12 15:57:55,640 - INFO - multi_procesador:98 - Archivos .gjc procesados: ['TS_007_c1.gjc', 'TS_007_c2.gjc', 'TS_007_c3.gjc']
2024-08-12 15:57:55,641 - INFO - multi_procesador:40 - Carpeta creada: Relanzar
2024-08-12 15:57:55,644 - INFO - multi_procesador:43 - Archivo movido: TS_007_c2.gjc a Relanzar
2024-08-12 15:57:55,647 - INFO - multi_procesador:43 - Archivo movido: TS_007_c3.gjc a Relanzar
2024-08-12 15:57:55,650 - INFO - multi_procesador:43 - Archivo movido: TS_007_c1.gjc a Relanzar
2024-08-12 15:57:55,652 - INFO - multi_procesador:183 - Archivo TS_007_c1.log movido a: C:\Linux\TS_007
2024-08-12 15:57:55,653 - INFO - multi_procesador:183 - Archivo TS_007_c2.log movido a: C:\Linux\TS_007
2024-08-12 15:57:55,654 - INFO - multi_procesador:183 - Archivo TS_007_c3.log movido a: C:\Linux\TS_007
2024-08-12 15:57:55,678 - INFO - multi_procesador:149 - Datos añadidos del archivo TS_007_c1.log al Excel 'TS_007'
2024-08-12 15:57:55,699 - INFO - multi_procesador:149 - Datos añadidos del archivo TS_007_c2.log al Excel 'TS_007'
2024-08-12 15:57:55,721 - INFO - multi_procesador:149 - Datos añadidos del archivo TS_007_c3.log al Excel 'TS_007'
2024-08-12 15:57:55,736 - INFO - multi_procesador:159 - Archivo Excel guardado: TS_007.xlsx
2024-08-12 15:59:56,740 - INFO - multi_procesador:190 - 

-------Nuevo lanzamiento del script-------

2024-08-12 15:59:56,742 - INFO - multi_procesador:18 - openpyxl ya está instalado.
2024-08-12 15:59:56,804 - INFO - multi_procesador:98 - Archivos .gjc procesados: ['TS_007_c1.gjc', 'TS_007_c2.gjc', 'TS_007_c3.gjc']
2024-08-12 15:59:56,807 - INFO - multi_procesador:40 - Carpeta creada: Relanzar
2024-08-12 15:59:56,810 - INFO - multi_procesador:43 - Archivo movido: TS_007_c2.gjc a Relanzar
2024-08-12 15:59:56,812 - INFO - multi_procesador:43 - Archivo movido: TS_007_c3.gjc a Relanzar
2024-08-12 15:59:56,817 - INFO - multi_procesador:43 - Archivo movido: TS_007_c1.gjc a Relanzar
2024-08-12 15:59:56,819 - INFO - multi_procesador:183 - Archivo TS_007_c1.log movido a: C:\Linux\TS_007
2024-08-12 15:59:56,821 - INFO - multi_procesador:183 - Archivo TS_007_c2.log movido a: C:\Linux\TS_007
2024-08-12 15:59:56,822 - INFO - multi_procesador:183 - Archivo TS_007_c3.log movido a: C:\Linux\TS_007
2024-08-12 15:59:56,856 - INFO - multi_procesador:149 - Datos añadidos del archivo TS_007_c1.log al Excel 'TS_007'
2024-08-12 15:59:56,884 - INFO - multi_procesador:149 - Datos añadidos del archivo TS_007_c2.log al Excel 'TS_007'
2024-08-12 15:59:56,917 - INFO - multi_procesador:149 - Datos añadidos del archivo TS_007_c3.log al Excel 'TS_007'
2024-08-12 15:59:56,959 - INFO - multi_procesador:159 - Archivo Excel guardado: TS_007.xlsx
2024-08-12 16:04:58,837 - INFO - multi_procesador:190 - 

-------Nuevo lanzamiento del script-------

2024-08-12 16:04:58,839 - INFO - multi_procesador:18 - openpyxl ya está instalado.
2024-08-12 16:05:24,021 - INFO - multi_procesador:190 - 

-------Nuevo lanzamiento del script-------

2024-08-12 16:05:24,022 - INFO - multi_procesador:18 - openpyxl ya está instalado.
2024-08-12 16:05:49,472 - INFO - multi_procesador:98 - Archivos .gjc procesados: ['TS_007_c1.gjc', 'TS_007_c2.gjc', 'TS_007_c3.gjc']
2024-08-12 16:05:49,476 - INFO - multi_procesador:40 - Carpeta creada: Relanzar
2024-08-12 16:05:49,479 - INFO - multi_procesador:43 - Archivo movido: TS_007_c2.gjc a Relanzar
2024-08-12 16:05:49,493 - INFO - multi_procesador:43 - Archivo movido: TS_007_c3.gjc a Relanzar
2024-08-12 16:05:49,498 - INFO - multi_procesador:43 - Archivo movido: TS_007_c1.gjc a Relanzar
2024-08-12 16:06:22,772 - INFO - multi_procesador:190 - 

-------Nuevo lanzamiento del script-------

2024-08-12 16:06:22,774 - INFO - multi_procesador:18 - openpyxl ya está instalado.
2024-08-12 16:07:00,808 - INFO - multi_procesador:98 - Archivos .gjc procesados: ['TS_007_c1.gjc', 'TS_007_c2.gjc', 'TS_007_c3.gjc']
2024-08-12 16:08:13,447 - INFO - multi_procesador:40 - Carpeta creada: Relanzar
2024-08-12 16:08:29,814 - INFO - multi_procesador:43 - Archivo movido: TS_007_c2.gjc a Relanzar
2024-08-12 16:09:22,080 - INFO - multi_procesador:190 - 

-------Nuevo lanzamiento del script-------

2024-08-12 16:09:22,081 - INFO - multi_procesador:18 - openpyxl ya está instalado.
2024-08-12 16:09:22,084 - INFO - multi_procesador:31 - Archivo eliminado: C:\Linux\TS_007_c1.sh
2024-08-12 16:09:22,085 - INFO - multi_procesador:31 - Archivo eliminado: C:\Linux\TS_007_c2.sh
2024-08-12 16:09:22,086 - INFO - multi_procesador:31 - Archivo eliminado: C:\Linux\TS_007_c3.sh
2024-08-12 16:10:35,667 - INFO - multi_procesador:98 - Archivos .gjc procesados: ['TS_007_c1.gjc', 'TS_007_c2.gjc', 'TS_007_c3.gjc']
2024-08-12 16:14:05,613 - INFO - multi_procesador:190 - 

-------Nuevo lanzamiento del script-------

2024-08-12 16:14:05,614 - INFO - multi_procesador:18 - openpyxl ya está instalado.
2024-08-12 16:14:05,618 - INFO - multi_procesador:31 - Archivo eliminado: C:\Linux\003-endo_p.sh
2024-08-12 16:14:05,618 - INFO - multi_procesador:31 - Archivo eliminado: C:\Linux\004-exo_p.sh
2024-08-12 16:14:05,648 - INFO - multi_procesador:73 - Relanzar archivo: 001_c1.log - Frecuencias negativas
2024-08-12 16:14:05,649 - INFO - multi_procesador:40 - Carpeta creada: Frecuencias Negativas
2024-08-12 16:14:05,653 - INFO - multi_procesador:43 - Archivo movido: 001_c1.log a Frecuencias Negativas
2024-08-12 16:14:05,676 - INFO - multi_procesador:73 - Relanzar archivo: 001_c2.log - Frecuencias negativas
2024-08-12 16:14:05,680 - INFO - multi_procesador:43 - Archivo movido: 001_c2.log a Frecuencias Negativas
2024-08-12 16:14:05,705 - INFO - multi_procesador:73 - Relanzar archivo: 001_c3.log - Frecuencias negativas
2024-08-12 16:14:05,710 - INFO - multi_procesador:43 - Archivo movido: 001_c3.log a Frecuencias Negativas
2024-08-12 16:14:05,854 - INFO - multi_procesador:57 - Relanzar archivo: IRCFO_010_c2.log - No finalizó correctamente
2024-08-12 16:14:05,855 - INFO - multi_procesador:40 - Carpeta creada: Termino Mal
2024-08-12 16:14:05,857 - INFO - multi_procesador:43 - Archivo movido: IRCFO_010_c2.log a Termino Mal
2024-08-12 16:14:05,870 - INFO - multi_procesador:57 - Relanzar archivo: IRCRE_010_c2.log - No finalizó correctamente
2024-08-12 16:14:05,874 - INFO - multi_procesador:43 - Archivo movido: IRCRE_010_c2.log a Termino Mal
2024-08-12 16:14:05,956 - INFO - multi_procesador:98 - Archivos .gjc procesados: ['007_c1.gjc', '007_c2.gjc', '007_c3.gjc', '008_c1.gjc', '008_c2.gjc', 'TS_007_c1.gjc', 'TS_007_c2.gjc', 'TS_007_c3.gjc', 'TS_010_c2.gjc']
2024-08-12 16:14:05,958 - INFO - multi_procesador:40 - Carpeta creada: Relanzar
2024-08-12 16:14:05,971 - INFO - multi_procesador:43 - Archivo movido: 001_c1.gjc a Relanzar
2024-08-12 16:14:05,979 - INFO - multi_procesador:43 - Archivo movido: 001_c2.gjc a Relanzar
2024-08-12 16:14:05,982 - INFO - multi_procesador:43 - Archivo movido: 001_c3.gjc a Relanzar
2024-08-12 16:14:05,985 - INFO - multi_procesador:43 - Archivo movido: 007_c2.gjc a Relanzar
2024-08-12 16:14:05,988 - INFO - multi_procesador:43 - Archivo movido: 007_c3.gjc a Relanzar
2024-08-12 16:14:05,991 - INFO - multi_procesador:43 - Archivo movido: 008_c1.gjc a Relanzar
2024-08-12 16:14:05,995 - INFO - multi_procesador:43 - Archivo movido: 008_c2.gjc a Relanzar
2024-08-12 16:14:06,006 - INFO - multi_procesador:43 - Archivo movido: IRCFO_010_c2.gjc a Relanzar
2024-08-12 16:14:06,009 - INFO - multi_procesador:43 - Archivo movido: IRCRE_010_c2.gjc a Relanzar
2024-08-12 16:14:06,011 - INFO - multi_procesador:43 - Archivo movido: TS_007_c1.gjc a Relanzar
2024-08-12 16:14:06,014 - INFO - multi_procesador:43 - Archivo movido: TS_007_c2.gjc a Relanzar
2024-08-12 16:14:06,016 - INFO - multi_procesador:43 - Archivo movido: TS_007_c3.gjc a Relanzar
2024-08-12 16:14:06,019 - INFO - multi_procesador:43 - Archivo movido: TS_010_c2.gjc a Relanzar
2024-08-12 16:14:06,024 - INFO - multi_procesador:43 - Archivo movido: 007_c1.gjc a Relanzar
2024-08-12 16:14:06,032 - INFO - multi_procesador:183 - Archivo 007_c1.log movido a: C:\Linux\007
2024-08-12 16:14:06,033 - INFO - multi_procesador:183 - Archivo 007_c2.log movido a: C:\Linux\007
2024-08-12 16:14:06,034 - INFO - multi_procesador:183 - Archivo 007_c3.log movido a: C:\Linux\007
2024-08-12 16:14:06,035 - INFO - multi_procesador:183 - Archivo 008_c1.log movido a: C:\Linux\008
2024-08-12 16:14:06,036 - INFO - multi_procesador:183 - Archivo 008_c2.log movido a: C:\Linux\008
2024-08-12 16:14:06,038 - INFO - multi_procesador:183 - Archivo TS_007_c1.log movido a: C:\Linux\TS_007
2024-08-12 16:14:06,039 - INFO - multi_procesador:183 - Archivo TS_007_c2.log movido a: C:\Linux\TS_007
2024-08-12 16:14:06,040 - INFO - multi_procesador:183 - Archivo TS_007_c3.log movido a: C:\Linux\TS_007
2024-08-12 16:14:06,041 - INFO - multi_procesador:183 - Archivo TS_010_c2.log movido a: C:\Linux\TS_010
2024-08-12 16:14:06,061 - INFO - multi_procesador:149 - Datos añadidos del archivo 007_c1.log al Excel '007'
2024-08-12 16:14:06,074 - INFO - multi_procesador:149 - Datos añadidos del archivo 007_c2.log al Excel '007'
2024-08-12 16:14:06,088 - INFO - multi_procesador:149 - Datos añadidos del archivo 007_c3.log al Excel '007'
2024-08-12 16:14:06,127 - INFO - multi_procesador:159 - Archivo Excel guardado: 007.xlsx
2024-08-12 16:14:06,138 - INFO - multi_procesador:149 - Datos añadidos del archivo 008_c1.log al Excel '008'
2024-08-12 16:14:06,157 - INFO - multi_procesador:149 - Datos añadidos del archivo 008_c2.log al Excel '008'
2024-08-12 16:14:06,189 - INFO - multi_procesador:159 - Archivo Excel guardado: 008.xlsx
2024-08-12 16:14:06,222 - INFO - multi_procesador:149 - Datos añadidos del archivo TS_007_c1.log al Excel 'TS_007'
2024-08-12 16:14:06,247 - INFO - multi_procesador:149 - Datos añadidos del archivo TS_007_c2.log al Excel 'TS_007'
2024-08-12 16:14:06,273 - INFO - multi_procesador:149 - Datos añadidos del archivo TS_007_c3.log al Excel 'TS_007'
2024-08-12 16:14:06,291 - INFO - multi_procesador:159 - Archivo Excel guardado: TS_007.xlsx
2024-08-12 16:14:06,323 - INFO - multi_procesador:149 - Datos añadidos del archivo TS_010_c2.log al Excel 'TS_010'
2024-08-12 16:14:06,344 - INFO - multi_procesador:159 - Archivo Excel guardado: TS_010.xlsx
2024-08-12 16:16:51,905 - INFO - multi_procesador:190 - 

-------Nuevo lanzamiento del script-------

2024-08-12 16:16:51,906 - INFO - multi_procesador:18 - openpyxl ya está instalado.
2024-08-12 16:16:51,910 - INFO - multi_procesador:31 - Archivo eliminado: C:\Linux\TS_007_c1.sh
2024-08-12 16:16:51,910 - INFO - multi_procesador:31 - Archivo eliminado: C:\Linux\TS_007_c2.sh
2024-08-12 16:16:51,911 - INFO - multi_procesador:31 - Archivo eliminado: C:\Linux\TS_007_c3.sh
2024-08-12 16:17:15,509 - INFO - multi_procesador:98 - Archivos .gjc procesados: ['TS_007_c1.gjc', 'TS_007_c2.gjc', 'TS_007_c3.gjc']
2024-08-12 16:20:32,359 - INFO - multi_procesador:190 - 

-------Nuevo lanzamiento del script-------

2024-08-12 16:20:32,360 - INFO - multi_procesador:18 - openpyxl ya está instalado.
2024-08-12 16:20:35,821 - INFO - multi_procesador:98 - Archivos .gjc procesados: ['TS_007_c1.gjc', 'TS_007_c2.gjc', 'TS_007_c3.gjc']
2024-08-12 16:20:35,823 - INFO - multi_procesador:40 - Carpeta creada: Relanzar
2024-08-12 16:20:35,826 - INFO - multi_procesador:43 - Archivo movido: TS_007_c2.gjc a Relanzar
2024-08-12 16:20:35,829 - INFO - multi_procesador:43 - Archivo movido: TS_007_c3.gjc a Relanzar
2024-08-12 16:20:35,837 - INFO - multi_procesador:183 - Archivo TS_007_c1.log movido a: C:\Linux\TS_007
2024-08-12 16:20:35,839 - INFO - multi_procesador:183 - Archivo TS_007_c2.log movido a: C:\Linux\TS_007
2024-08-12 16:20:35,840 - INFO - multi_procesador:183 - Archivo TS_007_c3.log movido a: C:\Linux\TS_007
2024-08-12 16:20:35,877 - INFO - multi_procesador:149 - Datos añadidos del archivo TS_007_c1.log al Excel 'TS_007'
2024-08-12 16:20:35,927 - INFO - multi_procesador:149 - Datos añadidos del archivo TS_007_c2.log al Excel 'TS_007'
2024-08-12 16:20:35,957 - INFO - multi_procesador:149 - Datos añadidos del archivo TS_007_c3.log al Excel 'TS_007'
2024-08-12 16:20:36,003 - INFO - multi_procesador:159 - Archivo Excel guardado: TS_007.xlsx
2024-08-12 17:55:23,752 - INFO - multi_procesador:190 - 

-------Nuevo lanzamiento del script-------

2024-08-12 17:55:23,754 - INFO - multi_procesador:18 - openpyxl ya está instalado.
2024-08-12 17:55:27,693 - INFO - multi_procesador:98 - Archivos .gjc procesados: []
2024-08-12 17:56:02,441 - INFO - multi_procesador:190 - 

-------Nuevo lanzamiento del script-------

2024-08-12 17:56:02,442 - INFO - multi_procesador:18 - openpyxl ya está instalado.
2024-08-12 17:56:27,682 - INFO - multi_procesador:98 - Archivos .gjc procesados: ['TS_007_c1.gjc', 'TS_007_c2.gjc', 'TS_007_c3.gjc']
2024-08-12 17:58:04,173 - INFO - multi_procesador:190 - 

-------Nuevo lanzamiento del script-------

2024-08-12 17:58:04,174 - INFO - multi_procesador:18 - openpyxl ya está instalado.
2024-08-12 17:58:35,942 - INFO - multi_procesador:98 - Archivos .gjc procesados: ['007_c1.gjc', '007_c2.gjc', '007_c3.gjc', 'TS_007_c1.gjc', 'TS_007_c2.gjc', 'TS_007_c3.gjc']
2024-08-12 18:12:58,745 - INFO - multi_procesador:184 - 

-------Nuevo lanzamiento del script-------

2024-08-12 18:12:58,747 - INFO - multi_procesador:18 - openpyxl ya está instalado.
2024-08-12 18:13:01,021 - INFO - multi_procesador:100 - Archivos .gjc encontrados: ['007_c1.gjc', '007_c2.gjc', '007_c3.gjc', 'TS_007_c1.gjc', 'TS_007_c2.gjc', 'TS_007_c3.gjc']
2024-08-12 18:13:01,024 - INFO - multi_procesador:177 - Archivo 007_c1.gjc movido a: C:\Linux\007
2024-08-12 18:13:01,026 - INFO - multi_procesador:177 - Archivo 007_c1.log movido a: C:\Linux\007
2024-08-12 18:13:01,027 - INFO - multi_procesador:177 - Archivo 007_c2.gjc movido a: C:\Linux\007
2024-08-12 18:13:01,028 - INFO - multi_procesador:177 - Archivo 007_c2.log movido a: C:\Linux\007
2024-08-12 18:13:01,030 - INFO - multi_procesador:177 - Archivo 007_c3.gjc movido a: C:\Linux\007
2024-08-12 18:13:01,031 - INFO - multi_procesador:177 - Archivo 007_c3.log movido a: C:\Linux\007
2024-08-12 18:13:01,039 - INFO - multi_procesador:177 - Archivo a.txt movido a: C:\Linux\a.t
2024-08-12 18:13:01,042 - INFO - multi_procesador:177 - Archivo TS_007_c1.gjc movido a: C:\Linux\TS_007
2024-08-12 18:13:01,043 - INFO - multi_procesador:177 - Archivo TS_007_c1.log movido a: C:\Linux\TS_007
2024-08-12 18:13:01,045 - INFO - multi_procesador:177 - Archivo TS_007_c2.gjc movido a: C:\Linux\TS_007
2024-08-12 18:13:01,046 - INFO - multi_procesador:177 - Archivo TS_007_c2.log movido a: C:\Linux\TS_007
2024-08-12 18:13:01,047 - INFO - multi_procesador:177 - Archivo TS_007_c3.gjc movido a: C:\Linux\TS_007
2024-08-12 18:13:01,049 - INFO - multi_procesador:177 - Archivo TS_007_c3.log movido a: C:\Linux\TS_007
2024-08-12 18:13:01,071 - INFO - multi_procesador:143 - Datos añadidos del archivo 007_c1.log al Excel '007'
2024-08-12 18:13:01,084 - INFO - multi_procesador:143 - Datos añadidos del archivo 007_c2.log al Excel '007'
2024-08-12 18:13:01,099 - INFO - multi_procesador:143 - Datos añadidos del archivo 007_c3.log al Excel '007'
2024-08-12 18:13:01,142 - INFO - multi_procesador:153 - Archivo Excel guardado: 007.xlsx
2024-08-12 18:13:01,165 - INFO - multi_procesador:153 - Archivo Excel guardado: a.t.xlsx
2024-08-12 18:13:01,199 - INFO - multi_procesador:143 - Datos añadidos del archivo TS_007_c1.log al Excel 'TS_007'
2024-08-12 18:13:01,226 - INFO - multi_procesador:143 - Datos añadidos del archivo TS_007_c2.log al Excel 'TS_007'
2024-08-12 18:13:01,253 - INFO - multi_procesador:143 - Datos añadidos del archivo TS_007_c3.log al Excel 'TS_007'
2024-08-12 18:13:01,279 - INFO - multi_procesador:153 - Archivo Excel guardado: TS_007.xlsx
2024-08-12 18:20:54,512 - INFO - multi_procesador:185 - 

-------Nuevo lanzamiento del script-------

2024-08-12 18:20:54,512 - INFO - multi_procesador:18 - openpyxl ya está instalado.
2024-08-12 18:20:54,513 - INFO - multi_procesador:31 - Archivo eliminado: C:\Linux\003-endo_p.sh
2024-08-12 18:20:54,514 - INFO - multi_procesador:31 - Archivo eliminado: C:\Linux\004-exo_p.sh
2024-08-12 18:20:54,543 - INFO - multi_procesador:73 - Relanzar archivo: 001_c1.log - Frecuencias negativas
2024-08-12 18:20:54,544 - INFO - multi_procesador:40 - Carpeta creada: Frecuencias Negativas
2024-08-12 18:20:54,547 - INFO - multi_procesador:43 - Archivo movido: 001_c1.log a Frecuencias Negativas
2024-08-12 18:20:54,574 - INFO - multi_procesador:73 - Relanzar archivo: 001_c2.log - Frecuencias negativas
2024-08-12 18:20:54,578 - INFO - multi_procesador:43 - Archivo movido: 001_c2.log a Frecuencias Negativas
2024-08-12 18:20:54,605 - INFO - multi_procesador:73 - Relanzar archivo: 001_c3.log - Frecuencias negativas
2024-08-12 18:20:54,609 - INFO - multi_procesador:43 - Archivo movido: 001_c3.log a Frecuencias Negativas
2024-08-12 18:20:54,768 - INFO - multi_procesador:57 - Relanzar archivo: IRCFO_010_c2.log - No finalizó correctamente
2024-08-12 18:20:54,769 - INFO - multi_procesador:40 - Carpeta creada: Termino Mal
2024-08-12 18:20:54,772 - INFO - multi_procesador:43 - Archivo movido: IRCFO_010_c2.log a Termino Mal
2024-08-12 18:20:54,786 - INFO - multi_procesador:57 - Relanzar archivo: IRCRE_010_c2.log - No finalizó correctamente
2024-08-12 18:20:54,790 - INFO - multi_procesador:43 - Archivo movido: IRCRE_010_c2.log a Termino Mal
2024-08-12 18:20:54,926 - INFO - multi_procesador:100 - Archivos .log encontrados: ['007_c1.gjc', '007_c2.gjc', '007_c3.gjc', '008_c1.gjc', '008_c2.gjc', 'TS_007_c1.gjc', 'TS_007_c2.gjc', 'TS_007_c3.gjc', 'TS_010_c2.gjc']
2024-08-12 18:20:54,927 - INFO - multi_procesador:105 - No se encontró el archivo .log correspondiente a: 001_c1.gjc
2024-08-12 18:20:54,928 - INFO - multi_procesador:40 - Carpeta creada: Relanzar
2024-08-12 18:20:54,938 - INFO - multi_procesador:43 - Archivo movido: 001_c1.gjc a Relanzar
2024-08-12 18:20:54,938 - INFO - multi_procesador:105 - No se encontró el archivo .log correspondiente a: 001_c2.gjc
2024-08-12 18:20:54,947 - INFO - multi_procesador:43 - Archivo movido: 001_c2.gjc a Relanzar
2024-08-12 18:20:54,947 - INFO - multi_procesador:105 - No se encontró el archivo .log correspondiente a: 001_c3.gjc
2024-08-12 18:20:54,957 - INFO - multi_procesador:43 - Archivo movido: 001_c3.gjc a Relanzar
2024-08-12 18:20:54,957 - INFO - multi_procesador:105 - No se encontró el archivo .log correspondiente a: IRCFO_010_c2.gjc
2024-08-12 18:20:54,966 - INFO - multi_procesador:43 - Archivo movido: IRCFO_010_c2.gjc a Relanzar
2024-08-12 18:20:54,966 - INFO - multi_procesador:105 - No se encontró el archivo .log correspondiente a: IRCRE_010_c2.gjc
2024-08-12 18:20:54,975 - INFO - multi_procesador:43 - Archivo movido: IRCRE_010_c2.gjc a Relanzar
2024-08-12 18:20:54,976 - INFO - multi_procesador:178 - Archivo 007_c1.gjc movido a: C:\Linux\007
2024-08-12 18:20:54,977 - INFO - multi_procesador:178 - Archivo 007_c1.log movido a: C:\Linux\007
2024-08-12 18:20:54,978 - INFO - multi_procesador:178 - Archivo 007_c2.gjc movido a: C:\Linux\007
2024-08-12 18:20:54,979 - INFO - multi_procesador:178 - Archivo 007_c2.log movido a: C:\Linux\007
2024-08-12 18:20:54,980 - INFO - multi_procesador:178 - Archivo 007_c3.gjc movido a: C:\Linux\007
2024-08-12 18:20:54,981 - INFO - multi_procesador:178 - Archivo 007_c3.log movido a: C:\Linux\007
2024-08-12 18:20:54,982 - INFO - multi_procesador:178 - Archivo 008_c1.gjc movido a: C:\Linux\008
2024-08-12 18:20:54,983 - INFO - multi_procesador:178 - Archivo 008_c1.log movido a: C:\Linux\008
2024-08-12 18:20:54,984 - INFO - multi_procesador:178 - Archivo 008_c2.gjc movido a: C:\Linux\008
2024-08-12 18:20:54,985 - INFO - multi_procesador:178 - Archivo 008_c2.log movido a: C:\Linux\008
2024-08-12 18:20:54,986 - INFO - multi_procesador:178 - Archivo TS_007_c1.gjc movido a: C:\Linux\TS_007
2024-08-12 18:20:54,987 - INFO - multi_procesador:178 - Archivo TS_007_c1.log movido a: C:\Linux\TS_007
2024-08-12 18:20:54,988 - INFO - multi_procesador:178 - Archivo TS_007_c2.gjc movido a: C:\Linux\TS_007
2024-08-12 18:20:54,989 - INFO - multi_procesador:178 - Archivo TS_007_c2.log movido a: C:\Linux\TS_007
2024-08-12 18:20:54,990 - INFO - multi_procesador:178 - Archivo TS_007_c3.gjc movido a: C:\Linux\TS_007
2024-08-12 18:20:54,991 - INFO - multi_procesador:178 - Archivo TS_007_c3.log movido a: C:\Linux\TS_007
2024-08-12 18:20:54,993 - INFO - multi_procesador:178 - Archivo TS_010_c2.gjc movido a: C:\Linux\TS_010
2024-08-12 18:20:54,994 - INFO - multi_procesador:178 - Archivo TS_010_c2.log movido a: C:\Linux\TS_010
2024-08-12 18:20:55,004 - INFO - multi_procesador:144 - Datos añadidos del archivo 007_c1.log al Excel '007'
2024-08-12 18:20:55,014 - INFO - multi_procesador:144 - Datos añadidos del archivo 007_c2.log al Excel '007'
2024-08-12 18:20:55,024 - INFO - multi_procesador:144 - Datos añadidos del archivo 007_c3.log al Excel '007'
2024-08-12 18:20:55,042 - INFO - multi_procesador:154 - Archivo Excel guardado: 007.xlsx
2024-08-12 18:20:55,049 - INFO - multi_procesador:144 - Datos añadidos del archivo 008_c1.log al Excel '008'
2024-08-12 18:20:55,063 - INFO - multi_procesador:144 - Datos añadidos del archivo 008_c2.log al Excel '008'
2024-08-12 18:20:55,076 - INFO - multi_procesador:154 - Archivo Excel guardado: 008.xlsx
2024-08-12 18:20:55,101 - INFO - multi_procesador:144 - Datos añadidos del archivo TS_007_c1.log al Excel 'TS_007'
2024-08-12 18:20:55,121 - INFO - multi_procesador:144 - Datos añadidos del archivo TS_007_c2.log al Excel 'TS_007'
2024-08-12 18:20:55,142 - INFO - multi_procesador:144 - Datos añadidos del archivo TS_007_c3.log al Excel 'TS_007'
2024-08-12 18:20:55,151 - INFO - multi_procesador:154 - Archivo Excel guardado: TS_007.xlsx
2024-08-12 18:20:55,174 - INFO - multi_procesador:144 - Datos añadidos del archivo TS_010_c2.log al Excel 'TS_010'
2024-08-12 18:20:55,186 - INFO - multi_procesador:154 - Archivo Excel guardado: TS_010.xlsx
2024-08-12 21:53:35,746 - INFO - Create_gjc_2.0:9 - 

-------NEW CREADOR SINGLE POINT-------

2024-08-12 21:53:35,759 - INFO - Create_gjc_2.0:43 - Estructura optimizada copiada a 001-endo-E-R-prod-optb_c1.gjc
2024-08-12 21:53:35,773 - INFO - Create_gjc_2.0:43 - Estructura optimizada copiada a 001-endo-E-R-prod-optb_c2.gjc
2024-08-12 21:53:35,780 - INFO - Create_gjc_2.0:43 - Estructura optimizada copiada a 001-endo-E-S-prod-optb_c1.gjc
2024-08-12 21:53:35,798 - INFO - Create_gjc_2.0:43 - Estructura optimizada copiada a 001-endo-E-S-prod-optb_c2.gjc
2024-08-12 21:53:35,812 - INFO - Create_gjc_2.0:43 - Estructura optimizada copiada a 001-endo-Z-R-prod-optb_c1.gjc
2024-08-12 21:53:35,833 - INFO - Create_gjc_2.0:43 - Estructura optimizada copiada a 001-endo-Z-R-prod-optb_c2.gjc
2024-08-12 21:53:35,845 - INFO - Create_gjc_2.0:43 - Estructura optimizada copiada a 001-exo-E-R-prod-optb_c1.gjc
2024-08-12 21:53:35,857 - INFO - Create_gjc_2.0:43 - Estructura optimizada copiada a 001-exo-E-R-prod-optb_c2.gjc
2024-08-12 21:53:35,870 - INFO - Create_gjc_2.0:43 - Estructura optimizada copiada a 001-exo-E-R-prod-optb_c3.gjc
2024-08-12 21:53:35,896 - INFO - Create_gjc_2.0:43 - Estructura optimizada copiada a 001-exo-E-R-TS-optb_c1.gjc
2024-08-12 21:53:35,918 - INFO - Create_gjc_2.0:43 - Estructura optimizada copiada a 001-exo-E-R-TS-optb_c2.gjc
2024-08-12 21:53:35,946 - INFO - Create_gjc_2.0:43 - Estructura optimizada copiada a 001-exo-E-R-TS-optb_c3.gjc
2024-08-12 21:53:35,973 - INFO - Create_gjc_2.0:43 - Estructura optimizada copiada a 001-exo-E-S-prod-optb_c1.gjc
2024-08-12 21:53:35,997 - INFO - Create_gjc_2.0:43 - Estructura optimizada copiada a 001-exo-E-S-prod-optb_c2.gjc
2024-08-12 21:53:36,010 - INFO - Create_gjc_2.0:43 - Estructura optimizada copiada a 001-exo-Z-S-prod-optb_c1.gjc
2024-08-12 21:53:36,022 - INFO - Create_gjc_2.0:43 - Estructura optimizada copiada a 001-exo-Z-S-prod-optb_c2.gjc
2024-08-12 21:53:36,024 - INFO - Create_gjc_2.0:43 - Estructura optimizada copiada a cyclopentadiene.gjc
2024-08-12 21:53:36,026 - INFO - Create_gjc_2.0:43 - Estructura optimizada copiada a trans-2-butenal_c1.gjc
2024-08-12 21:53:36,028 - INFO - Create_gjc_2.0:43 - Estructura optimizada copiada a trans-2-butenal_c2.gjc
2024-08-12 21:53:36,031 - INFO - Create_gjc_2.0:43 - Estructura optimizada copiada a uncat-endo-prod-optb_c1.gjc
2024-08-12 21:53:36,035 - INFO - Create_gjc_2.0:43 - Estructura optimizada copiada a uncat-endo-prod-optb_c3.gjc
2024-08-12 21:53:36,039 - INFO - Create_gjc_2.0:43 - Estructura optimizada copiada a uncat-exo-prod-optb_c1.gjc
2024-08-12 21:53:36,043 - INFO - Create_gjc_2.0:43 - Estructura optimizada copiada a uncat-exo-prod-optb_c3.gjc
2024-08-12 21:54:01,020 - INFO - Create_gjc_2.0:77 - Archivo creado uncat-exo-prod-optb_c3.gjc
2024-08-12 21:54:01,021 - INFO - Create_gjc_2.0:77 - Archivo creado uncat-exo-prod-optb_c3.gjc
2024-08-12 21:54:01,023 - INFO - Create_gjc_2.0:77 - Archivo creado uncat-exo-prod-optb_c3.gjc
2024-08-12 21:54:01,024 - INFO - Create_gjc_2.0:77 - Archivo creado uncat-exo-prod-optb_c3.gjc
2024-08-12 21:54:01,026 - INFO - Create_gjc_2.0:77 - Archivo creado uncat-exo-prod-optb_c3.gjc
2024-08-12 21:54:01,035 - INFO - Create_gjc_2.0:77 - Archivo creado uncat-exo-prod-optb_c3.gjc
2024-08-12 21:54:01,036 - INFO - Create_gjc_2.0:77 - Archivo creado uncat-exo-prod-optb_c3.gjc
2024-08-12 21:54:01,037 - INFO - Create_gjc_2.0:77 - Archivo creado uncat-exo-prod-optb_c3.gjc
2024-08-12 21:54:01,039 - INFO - Create_gjc_2.0:77 - Archivo creado uncat-exo-prod-optb_c3.gjc
2024-08-12 21:54:01,040 - INFO - Create_gjc_2.0:77 - Archivo creado uncat-exo-prod-optb_c3.gjc
2024-08-12 21:54:01,041 - INFO - Create_gjc_2.0:77 - Archivo creado uncat-exo-prod-optb_c3.gjc
2024-08-12 21:54:01,042 - INFO - Create_gjc_2.0:77 - Archivo creado uncat-exo-prod-optb_c3.gjc
2024-08-12 21:54:01,044 - INFO - Create_gjc_2.0:77 - Archivo creado uncat-exo-prod-optb_c3.gjc
2024-08-12 21:54:01,045 - INFO - Create_gjc_2.0:77 - Archivo creado uncat-exo-prod-optb_c3.gjc
2024-08-12 21:54:01,047 - INFO - Create_gjc_2.0:77 - Archivo creado uncat-exo-prod-optb_c3.gjc
2024-08-12 21:54:01,048 - INFO - Create_gjc_2.0:77 - Archivo creado uncat-exo-prod-optb_c3.gjc
2024-08-12 21:54:01,049 - INFO - Create_gjc_2.0:77 - Archivo creado uncat-exo-prod-optb_c3.gjc
2024-08-12 21:54:01,050 - INFO - Create_gjc_2.0:77 - Archivo creado uncat-exo-prod-optb_c3.gjc
2024-08-12 21:54:01,051 - INFO - Create_gjc_2.0:77 - Archivo creado uncat-exo-prod-optb_c3.gjc
2024-08-12 21:54:01,052 - INFO - Create_gjc_2.0:77 - Archivo creado uncat-exo-prod-optb_c3.gjc
2024-08-12 21:54:01,053 - INFO - Create_gjc_2.0:77 - Archivo creado uncat-exo-prod-optb_c3.gjc
2024-08-12 21:54:01,059 - INFO - Create_gjc_2.0:77 - Archivo creado uncat-exo-prod-optb_c3.gjc
2024-08-12 21:54:01,060 - INFO - Create_gjc_2.0:77 - Archivo creado uncat-exo-prod-optb_c3.gjc
2024-08-12 21:55:39,195 - INFO - Create_gjc_2.0:9 - 

-------NEW CREADOR SINGLE POINT-------

2024-08-12 21:55:39,209 - INFO - Create_gjc_2.0:43 - Estructura optimizada copiada a 001-endo-E-R-prod-optb_c1.gjc
2024-08-12 21:55:39,224 - INFO - Create_gjc_2.0:43 - Estructura optimizada copiada a 001-endo-E-R-prod-optb_c2.gjc
2024-08-12 21:55:39,231 - INFO - Create_gjc_2.0:43 - Estructura optimizada copiada a 001-endo-E-S-prod-optb_c1.gjc
2024-08-12 21:55:39,248 - INFO - Create_gjc_2.0:43 - Estructura optimizada copiada a 001-endo-E-S-prod-optb_c2.gjc
2024-08-12 21:55:39,261 - INFO - Create_gjc_2.0:43 - Estructura optimizada copiada a 001-endo-Z-R-prod-optb_c1.gjc
2024-08-12 21:55:39,280 - INFO - Create_gjc_2.0:43 - Estructura optimizada copiada a 001-endo-Z-R-prod-optb_c2.gjc
2024-08-12 21:55:39,293 - INFO - Create_gjc_2.0:43 - Estructura optimizada copiada a 001-exo-E-R-prod-optb_c1.gjc
2024-08-12 21:55:39,305 - INFO - Create_gjc_2.0:43 - Estructura optimizada copiada a 001-exo-E-R-prod-optb_c2.gjc
2024-08-12 21:55:39,318 - INFO - Create_gjc_2.0:43 - Estructura optimizada copiada a 001-exo-E-R-prod-optb_c3.gjc
2024-08-12 21:55:39,343 - INFO - Create_gjc_2.0:43 - Estructura optimizada copiada a 001-exo-E-R-TS-optb_c1.gjc
2024-08-12 21:55:39,369 - INFO - Create_gjc_2.0:43 - Estructura optimizada copiada a 001-exo-E-R-TS-optb_c2.gjc
2024-08-12 21:55:39,395 - INFO - Create_gjc_2.0:43 - Estructura optimizada copiada a 001-exo-E-R-TS-optb_c3.gjc
2024-08-12 21:55:39,420 - INFO - Create_gjc_2.0:43 - Estructura optimizada copiada a 001-exo-E-S-prod-optb_c1.gjc
2024-08-12 21:55:39,443 - INFO - Create_gjc_2.0:43 - Estructura optimizada copiada a 001-exo-E-S-prod-optb_c2.gjc
2024-08-12 21:55:39,454 - INFO - Create_gjc_2.0:43 - Estructura optimizada copiada a 001-exo-Z-S-prod-optb_c1.gjc
2024-08-12 21:55:39,467 - INFO - Create_gjc_2.0:43 - Estructura optimizada copiada a 001-exo-Z-S-prod-optb_c2.gjc
2024-08-12 21:55:39,469 - INFO - Create_gjc_2.0:43 - Estructura optimizada copiada a cyclopentadiene.gjc
2024-08-12 21:55:39,471 - INFO - Create_gjc_2.0:43 - Estructura optimizada copiada a trans-2-butenal_c1.gjc
2024-08-12 21:55:39,473 - INFO - Create_gjc_2.0:43 - Estructura optimizada copiada a trans-2-butenal_c2.gjc
2024-08-12 21:55:39,477 - INFO - Create_gjc_2.0:43 - Estructura optimizada copiada a uncat-endo-prod-optb_c1.gjc
2024-08-12 21:55:39,482 - INFO - Create_gjc_2.0:43 - Estructura optimizada copiada a uncat-endo-prod-optb_c3.gjc
2024-08-12 21:55:39,486 - INFO - Create_gjc_2.0:43 - Estructura optimizada copiada a uncat-exo-prod-optb_c1.gjc
2024-08-12 21:55:39,490 - INFO - Create_gjc_2.0:43 - Estructura optimizada copiada a uncat-exo-prod-optb_c3.gjc
2024-08-12 21:55:49,878 - INFO - Create_gjc_2.0:77 - Archivo creado <_io.TextIOWrapper name='001-endo-E-R-prod-optb_c1.gjc' mode='r+' encoding='cp1252'>
2024-08-12 21:55:49,879 - INFO - Create_gjc_2.0:77 - Archivo creado <_io.TextIOWrapper name='001-endo-E-R-prod-optb_c2.gjc' mode='r+' encoding='cp1252'>
2024-08-12 21:55:49,881 - INFO - Create_gjc_2.0:77 - Archivo creado <_io.TextIOWrapper name='001-endo-E-S-prod-optb_c1.gjc' mode='r+' encoding='cp1252'>
2024-08-12 21:55:49,882 - INFO - Create_gjc_2.0:77 - Archivo creado <_io.TextIOWrapper name='001-endo-E-S-prod-optb_c2.gjc' mode='r+' encoding='cp1252'>
2024-08-12 21:55:49,883 - INFO - Create_gjc_2.0:77 - Archivo creado <_io.TextIOWrapper name='001-endo-Z-R-prod-optb_c1.gjc' mode='r+' encoding='cp1252'>
2024-08-12 21:55:49,884 - INFO - Create_gjc_2.0:77 - Archivo creado <_io.TextIOWrapper name='001-endo-Z-R-prod-optb_c2.gjc' mode='r+' encoding='cp1252'>
2024-08-12 21:55:49,886 - INFO - Create_gjc_2.0:77 - Archivo creado <_io.TextIOWrapper name='001-exo-E-R-prod-optb_c1.gjc' mode='r+' encoding='cp1252'>
2024-08-12 21:55:49,887 - INFO - Create_gjc_2.0:77 - Archivo creado <_io.TextIOWrapper name='001-exo-E-R-prod-optb_c2.gjc' mode='r+' encoding='cp1252'>
2024-08-12 21:55:49,888 - INFO - Create_gjc_2.0:77 - Archivo creado <_io.TextIOWrapper name='001-exo-E-R-prod-optb_c3.gjc' mode='r+' encoding='cp1252'>
2024-08-12 21:55:49,890 - INFO - Create_gjc_2.0:77 - Archivo creado <_io.TextIOWrapper name='001-exo-E-R-TS-optb_c1.gjc' mode='r+' encoding='cp1252'>
2024-08-12 21:55:49,891 - INFO - Create_gjc_2.0:77 - Archivo creado <_io.TextIOWrapper name='001-exo-E-R-TS-optb_c2.gjc' mode='r+' encoding='cp1252'>
2024-08-12 21:55:49,893 - INFO - Create_gjc_2.0:77 - Archivo creado <_io.TextIOWrapper name='001-exo-E-R-TS-optb_c3.gjc' mode='r+' encoding='cp1252'>
2024-08-12 21:55:49,894 - INFO - Create_gjc_2.0:77 - Archivo creado <_io.TextIOWrapper name='001-exo-E-S-prod-optb_c1.gjc' mode='r+' encoding='cp1252'>
2024-08-12 21:55:49,895 - INFO - Create_gjc_2.0:77 - Archivo creado <_io.TextIOWrapper name='001-exo-E-S-prod-optb_c2.gjc' mode='r+' encoding='cp1252'>
2024-08-12 21:55:49,896 - INFO - Create_gjc_2.0:77 - Archivo creado <_io.TextIOWrapper name='001-exo-Z-S-prod-optb_c1.gjc' mode='r+' encoding='cp1252'>
2024-08-12 21:55:49,897 - INFO - Create_gjc_2.0:77 - Archivo creado <_io.TextIOWrapper name='001-exo-Z-S-prod-optb_c2.gjc' mode='r+' encoding='cp1252'>
2024-08-12 21:55:49,899 - INFO - Create_gjc_2.0:77 - Archivo creado <_io.TextIOWrapper name='cyclopentadiene.gjc' mode='r+' encoding='cp1252'>
2024-08-12 21:55:49,901 - INFO - Create_gjc_2.0:77 - Archivo creado <_io.TextIOWrapper name='trans-2-butenal_c1.gjc' mode='r+' encoding='cp1252'>
2024-08-12 21:55:49,902 - INFO - Create_gjc_2.0:77 - Archivo creado <_io.TextIOWrapper name='trans-2-butenal_c2.gjc' mode='r+' encoding='cp1252'>
2024-08-12 21:55:49,903 - INFO - Create_gjc_2.0:77 - Archivo creado <_io.TextIOWrapper name='uncat-endo-prod-optb_c1.gjc' mode='r+' encoding='cp1252'>
2024-08-12 21:55:49,904 - INFO - Create_gjc_2.0:77 - Archivo creado <_io.TextIOWrapper name='uncat-endo-prod-optb_c3.gjc' mode='r+' encoding='cp1252'>
2024-08-12 21:55:49,905 - INFO - Create_gjc_2.0:77 - Archivo creado <_io.TextIOWrapper name='uncat-exo-prod-optb_c1.gjc' mode='r+' encoding='cp1252'>
2024-08-12 21:55:49,906 - INFO - Create_gjc_2.0:77 - Archivo creado <_io.TextIOWrapper name='uncat-exo-prod-optb_c3.gjc' mode='r+' encoding='cp1252'>
2024-08-12 21:56:31,181 - INFO - Create_gjc_2.0:9 - 

-------NEW CREADOR SINGLE POINT-------

2024-08-12 21:56:31,194 - INFO - Create_gjc_2.0:43 - Estructura optimizada copiada a 001-endo-E-R-prod-optb_c1.gjc
2024-08-12 21:56:31,209 - INFO - Create_gjc_2.0:43 - Estructura optimizada copiada a 001-endo-E-R-prod-optb_c2.gjc
2024-08-12 21:56:31,216 - INFO - Create_gjc_2.0:43 - Estructura optimizada copiada a 001-endo-E-S-prod-optb_c1.gjc
2024-08-12 21:56:31,233 - INFO - Create_gjc_2.0:43 - Estructura optimizada copiada a 001-endo-E-S-prod-optb_c2.gjc
2024-08-12 21:56:31,245 - INFO - Create_gjc_2.0:43 - Estructura optimizada copiada a 001-endo-Z-R-prod-optb_c1.gjc
2024-08-12 21:56:31,265 - INFO - Create_gjc_2.0:43 - Estructura optimizada copiada a 001-endo-Z-R-prod-optb_c2.gjc
2024-08-12 21:56:31,276 - INFO - Create_gjc_2.0:43 - Estructura optimizada copiada a 001-exo-E-R-prod-optb_c1.gjc
2024-08-12 21:56:31,288 - INFO - Create_gjc_2.0:43 - Estructura optimizada copiada a 001-exo-E-R-prod-optb_c2.gjc
2024-08-12 21:56:31,301 - INFO - Create_gjc_2.0:43 - Estructura optimizada copiada a 001-exo-E-R-prod-optb_c3.gjc
2024-08-12 21:56:31,325 - INFO - Create_gjc_2.0:43 - Estructura optimizada copiada a 001-exo-E-R-TS-optb_c1.gjc
2024-08-12 21:56:31,349 - INFO - Create_gjc_2.0:43 - Estructura optimizada copiada a 001-exo-E-R-TS-optb_c2.gjc
2024-08-12 21:56:31,372 - INFO - Create_gjc_2.0:43 - Estructura optimizada copiada a 001-exo-E-R-TS-optb_c3.gjc
2024-08-12 21:56:31,399 - INFO - Create_gjc_2.0:43 - Estructura optimizada copiada a 001-exo-E-S-prod-optb_c1.gjc
2024-08-12 21:56:31,423 - INFO - Create_gjc_2.0:43 - Estructura optimizada copiada a 001-exo-E-S-prod-optb_c2.gjc
2024-08-12 21:56:31,434 - INFO - Create_gjc_2.0:43 - Estructura optimizada copiada a 001-exo-Z-S-prod-optb_c1.gjc
2024-08-12 21:56:31,447 - INFO - Create_gjc_2.0:43 - Estructura optimizada copiada a 001-exo-Z-S-prod-optb_c2.gjc
2024-08-12 21:56:31,449 - INFO - Create_gjc_2.0:43 - Estructura optimizada copiada a cyclopentadiene.gjc
2024-08-12 21:56:31,451 - INFO - Create_gjc_2.0:43 - Estructura optimizada copiada a trans-2-butenal_c1.gjc
2024-08-12 21:56:31,452 - INFO - Create_gjc_2.0:43 - Estructura optimizada copiada a trans-2-butenal_c2.gjc
2024-08-12 21:56:31,457 - INFO - Create_gjc_2.0:43 - Estructura optimizada copiada a uncat-endo-prod-optb_c1.gjc
2024-08-12 21:56:31,461 - INFO - Create_gjc_2.0:43 - Estructura optimizada copiada a uncat-endo-prod-optb_c3.gjc
2024-08-12 21:56:31,465 - INFO - Create_gjc_2.0:43 - Estructura optimizada copiada a uncat-exo-prod-optb_c1.gjc
2024-08-12 21:56:31,469 - INFO - Create_gjc_2.0:43 - Estructura optimizada copiada a uncat-exo-prod-optb_c3.gjc
2024-08-12 21:56:39,187 - INFO - Create_gjc_2.0:77 - Archivo creado 001-endo-E-R-prod-optb_c1.gjc
2024-08-12 21:56:39,188 - INFO - Create_gjc_2.0:77 - Archivo creado 001-endo-E-R-prod-optb_c2.gjc
2024-08-12 21:56:39,189 - INFO - Create_gjc_2.0:77 - Archivo creado 001-endo-E-S-prod-optb_c1.gjc
2024-08-12 21:56:39,190 - INFO - Create_gjc_2.0:77 - Archivo creado 001-endo-E-S-prod-optb_c2.gjc
2024-08-12 21:56:39,191 - INFO - Create_gjc_2.0:77 - Archivo creado 001-endo-Z-R-prod-optb_c1.gjc
2024-08-12 21:56:39,193 - INFO - Create_gjc_2.0:77 - Archivo creado 001-endo-Z-R-prod-optb_c2.gjc
2024-08-12 21:56:39,194 - INFO - Create_gjc_2.0:77 - Archivo creado 001-exo-E-R-prod-optb_c1.gjc
2024-08-12 21:56:39,195 - INFO - Create_gjc_2.0:77 - Archivo creado 001-exo-E-R-prod-optb_c2.gjc
2024-08-12 21:56:39,196 - INFO - Create_gjc_2.0:77 - Archivo creado 001-exo-E-R-prod-optb_c3.gjc
2024-08-12 21:56:39,197 - INFO - Create_gjc_2.0:77 - Archivo creado 001-exo-E-R-TS-optb_c1.gjc
2024-08-12 21:56:39,199 - INFO - Create_gjc_2.0:77 - Archivo creado 001-exo-E-R-TS-optb_c2.gjc
2024-08-12 21:56:39,200 - INFO - Create_gjc_2.0:77 - Archivo creado 001-exo-E-R-TS-optb_c3.gjc
2024-08-12 21:56:39,201 - INFO - Create_gjc_2.0:77 - Archivo creado 001-exo-E-S-prod-optb_c1.gjc
2024-08-12 21:56:39,203 - INFO - Create_gjc_2.0:77 - Archivo creado 001-exo-E-S-prod-optb_c2.gjc
2024-08-12 21:56:39,205 - INFO - Create_gjc_2.0:77 - Archivo creado 001-exo-Z-S-prod-optb_c1.gjc
2024-08-12 21:56:39,206 - INFO - Create_gjc_2.0:77 - Archivo creado 001-exo-Z-S-prod-optb_c2.gjc
2024-08-12 21:56:39,207 - INFO - Create_gjc_2.0:77 - Archivo creado cyclopentadiene.gjc
2024-08-12 21:56:39,208 - INFO - Create_gjc_2.0:77 - Archivo creado trans-2-butenal_c1.gjc
2024-08-12 21:56:39,210 - INFO - Create_gjc_2.0:77 - Archivo creado trans-2-butenal_c2.gjc
2024-08-12 21:56:39,211 - INFO - Create_gjc_2.0:77 - Archivo creado uncat-endo-prod-optb_c1.gjc
2024-08-12 21:56:39,212 - INFO - Create_gjc_2.0:77 - Archivo creado uncat-endo-prod-optb_c3.gjc
2024-08-12 21:56:39,214 - INFO - Create_gjc_2.0:77 - Archivo creado uncat-exo-prod-optb_c1.gjc
2024-08-12 21:56:39,215 - INFO - Create_gjc_2.0:77 - Archivo creado uncat-exo-prod-optb_c3.gjc
2024-08-12 22:07:18,632 - INFO - multi_procesador:184 - 

-------NEW MULTI_PROCESADOR FINAL-------

2024-08-12 22:07:18,633 - INFO - multi_procesador:17 - openpyxl ya está instalado.
2024-08-12 22:07:18,633 - INFO - multi_procesador:30 - Archivo eliminado: C:\Linux\TS_008_c2.sh
2024-08-12 22:07:18,634 - INFO - multi_procesador:30 - Archivo eliminado: C:\Linux\TS_009_c1.sh
2024-08-12 22:07:18,635 - INFO - multi_procesador:30 - Archivo eliminado: C:\Linux\TS_009_c2.sh
2024-08-12 22:07:18,635 - INFO - multi_procesador:30 - Archivo eliminado: C:\Linux\TS_011_c2.sh
2024-08-12 22:07:18,719 - INFO - multi_procesador:99 - Archivos .log encontrados: ['TS_008_c2.gjc', 'TS_009_c1.gjc', 'TS_009_c2.gjc', 'TS_011_c2.gjc']
2024-08-12 22:07:18,725 - INFO - multi_procesador:177 - Archivo TS_008_c2.gjc movido a: C:\Linux\TS_008
2024-08-12 22:07:18,726 - INFO - multi_procesador:177 - Archivo TS_008_c2.log movido a: C:\Linux\TS_008
2024-08-12 22:07:18,727 - INFO - multi_procesador:177 - Archivo TS_009_c1.gjc movido a: C:\Linux\TS_009
2024-08-12 22:07:18,728 - INFO - multi_procesador:177 - Archivo TS_009_c1.log movido a: C:\Linux\TS_009
2024-08-12 22:07:18,729 - INFO - multi_procesador:177 - Archivo TS_009_c2.gjc movido a: C:\Linux\TS_009
2024-08-12 22:07:18,731 - INFO - multi_procesador:177 - Archivo TS_009_c2.log movido a: C:\Linux\TS_009
2024-08-12 22:07:18,732 - INFO - multi_procesador:177 - Archivo TS_011_c2.gjc movido a: C:\Linux\TS_011
2024-08-12 22:07:18,733 - INFO - multi_procesador:177 - Archivo TS_011_c2.log movido a: C:\Linux\TS_011
2024-08-12 22:07:18,761 - INFO - multi_procesador:143 - Datos añadidos del archivo TS_008_c2.log al Excel 'TS_008'
2024-08-12 22:07:18,784 - INFO - multi_procesador:153 - Archivo Excel guardado: TS_008.xlsx
2024-08-12 22:07:18,809 - INFO - multi_procesador:143 - Datos añadidos del archivo TS_009_c1.log al Excel 'TS_009'
2024-08-12 22:07:18,836 - INFO - multi_procesador:143 - Datos añadidos del archivo TS_009_c2.log al Excel 'TS_009'
2024-08-12 22:07:18,852 - INFO - multi_procesador:153 - Archivo Excel guardado: TS_009.xlsx
2024-08-12 22:07:18,878 - INFO - multi_procesador:143 - Datos añadidos del archivo TS_011_c2.log al Excel 'TS_011'
2024-08-12 22:07:18,892 - INFO - multi_procesador:153 - Archivo Excel guardado: TS_011.xlsx
2024-08-12 22:13:32,133 - INFO - Create_gjc_2.0:9 - 

-------NEW CREADOR SINGLE POINT-------

2024-08-12 22:13:32,153 - INFO - Create_gjc_2.0:43 - Estructura optimizada copiada a 001-endo-E-R-prod-optb_c1.gjc
2024-08-12 22:13:32,174 - INFO - Create_gjc_2.0:43 - Estructura optimizada copiada a 001-endo-E-R-prod-optb_c2.gjc
2024-08-12 22:13:32,187 - INFO - Create_gjc_2.0:43 - Estructura optimizada copiada a 001-endo-E-S-prod-optb_c1.gjc
2024-08-12 22:13:32,205 - INFO - Create_gjc_2.0:43 - Estructura optimizada copiada a 001-endo-E-S-prod-optb_c2.gjc
2024-08-12 22:13:32,244 - INFO - Create_gjc_2.0:43 - Estructura optimizada copiada a 001-endo-E-S-TS-optb_c2.gjc
2024-08-12 22:13:32,258 - INFO - Create_gjc_2.0:43 - Estructura optimizada copiada a 001-endo-Z-R-prod-optb_c1.gjc
2024-08-12 22:13:32,284 - INFO - Create_gjc_2.0:43 - Estructura optimizada copiada a 001-endo-Z-R-prod-optb_c2.gjc
2024-08-12 22:13:32,319 - INFO - Create_gjc_2.0:43 - Estructura optimizada copiada a 001-endo-Z-R-TS-optb_c2.gjc
2024-08-12 22:13:32,340 - INFO - Create_gjc_2.0:43 - Estructura optimizada copiada a 001-exo-E-R-prod-optb_c1.gjc
2024-08-12 22:13:32,358 - INFO - Create_gjc_2.0:43 - Estructura optimizada copiada a 001-exo-E-R-prod-optb_c2.gjc
2024-08-12 22:13:32,373 - INFO - Create_gjc_2.0:43 - Estructura optimizada copiada a 001-exo-E-R-prod-optb_c3.gjc
2024-08-12 22:13:32,405 - INFO - Create_gjc_2.0:43 - Estructura optimizada copiada a 001-exo-E-R-TS-optb_c1.gjc
2024-08-12 22:13:32,436 - INFO - Create_gjc_2.0:43 - Estructura optimizada copiada a 001-exo-E-R-TS-optb_c2.gjc
2024-08-12 22:13:32,466 - INFO - Create_gjc_2.0:43 - Estructura optimizada copiada a 001-exo-E-R-TS-optb_c3.gjc
2024-08-12 22:13:32,491 - INFO - Create_gjc_2.0:43 - Estructura optimizada copiada a 001-exo-E-S-prod-optb_c1.gjc
2024-08-12 22:13:32,521 - INFO - Create_gjc_2.0:43 - Estructura optimizada copiada a 001-exo-E-S-prod-optb_c2.gjc
2024-08-12 22:13:32,555 - INFO - Create_gjc_2.0:43 - Estructura optimizada copiada a 001-exo-E-S-TS-optb_c2.gjc
2024-08-12 22:13:32,574 - INFO - Create_gjc_2.0:43 - Estructura optimizada copiada a 001-exo-Z-S-prod-optb_c1.gjc
2024-08-12 22:13:32,589 - INFO - Create_gjc_2.0:43 - Estructura optimizada copiada a 001-exo-Z-S-prod-optb_c2.gjc
2024-08-12 22:13:32,621 - INFO - Create_gjc_2.0:43 - Estructura optimizada copiada a 001-exo-Z-S-TS-optb_c1.gjc
2024-08-12 22:13:32,661 - INFO - Create_gjc_2.0:43 - Estructura optimizada copiada a 001-exo-Z-S-TS-optb_c2.gjc
2024-08-12 22:13:32,687 - INFO - Create_gjc_2.0:43 - Estructura optimizada copiada a 001-Im-E-optb_c1.gjc
2024-08-12 22:13:32,710 - INFO - Create_gjc_2.0:43 - Estructura optimizada copiada a 001-Im-E-optb_c2.gjc
2024-08-12 22:13:32,736 - INFO - Create_gjc_2.0:43 - Estructura optimizada copiada a 001-Im-E-optb_c3.gjc
2024-08-12 22:13:32,774 - INFO - Create_gjc_2.0:43 - Estructura optimizada copiada a 001-Im-Z-optb_c1.gjc
2024-08-12 22:13:32,820 - INFO - Create_gjc_2.0:43 - Estructura optimizada copiada a 001-Im-Z-optb_c2.gjc
2024-08-12 22:13:32,830 - INFO - Create_gjc_2.0:43 - Estructura optimizada copiada a cyclopentadiene.gjc
2024-08-12 22:13:32,840 - INFO - Create_gjc_2.0:43 - Estructura optimizada copiada a trans-2-butenal_c1.gjc
2024-08-12 22:13:32,849 - INFO - Create_gjc_2.0:43 - Estructura optimizada copiada a trans-2-butenal_c2.gjc
2024-08-12 22:13:32,861 - INFO - Create_gjc_2.0:43 - Estructura optimizada copiada a uncat-endo-prod-optb_c1.gjc
2024-08-12 22:13:32,875 - INFO - Create_gjc_2.0:43 - Estructura optimizada copiada a uncat-endo-prod-optb_c2.gjc
2024-08-12 22:13:32,887 - INFO - Create_gjc_2.0:43 - Estructura optimizada copiada a uncat-endo-prod-optb_c3.gjc
2024-08-12 22:13:32,898 - INFO - Create_gjc_2.0:43 - Estructura optimizada copiada a uncat-exo-prod-optb_c1.gjc
2024-08-12 22:13:32,912 - INFO - Create_gjc_2.0:43 - Estructura optimizada copiada a uncat-exo-prod-optb_c2.gjc
2024-08-12 22:13:32,923 - INFO - Create_gjc_2.0:43 - Estructura optimizada copiada a uncat-exo-prod-optb_c3.gjc
2024-08-12 22:13:50,476 - INFO - Create_gjc_2.0:77 - Archivo creado 001-endo-E-R-prod-optb_c1.gjc
2024-08-12 22:13:50,477 - INFO - Create_gjc_2.0:77 - Archivo creado 001-endo-E-R-prod-optb_c2.gjc
2024-08-12 22:13:50,479 - INFO - Create_gjc_2.0:77 - Archivo creado 001-endo-E-S-prod-optb_c1.gjc
2024-08-12 22:13:50,488 - INFO - Create_gjc_2.0:77 - Archivo creado 001-endo-E-S-prod-optb_c2.gjc
2024-08-12 22:13:50,495 - INFO - Create_gjc_2.0:77 - Archivo creado 001-endo-E-S-TS-optb_c2.gjc
2024-08-12 22:13:50,496 - INFO - Create_gjc_2.0:77 - Archivo creado 001-endo-Z-R-prod-optb_c1.gjc
2024-08-12 22:13:50,498 - INFO - Create_gjc_2.0:77 - Archivo creado 001-endo-Z-R-prod-optb_c2.gjc
2024-08-12 22:13:50,506 - INFO - Create_gjc_2.0:77 - Archivo creado 001-endo-Z-R-TS-optb_c2.gjc
2024-08-12 22:13:50,507 - INFO - Create_gjc_2.0:77 - Archivo creado 001-exo-E-R-prod-optb_c1.gjc
2024-08-12 22:13:50,513 - INFO - Create_gjc_2.0:77 - Archivo creado 001-exo-E-R-prod-optb_c2.gjc
2024-08-12 22:13:50,514 - INFO - Create_gjc_2.0:77 - Archivo creado 001-exo-E-R-prod-optb_c3.gjc
2024-08-12 22:13:50,515 - INFO - Create_gjc_2.0:77 - Archivo creado 001-exo-E-R-TS-optb_c1.gjc
2024-08-12 22:13:50,516 - INFO - Create_gjc_2.0:77 - Archivo creado 001-exo-E-R-TS-optb_c2.gjc
2024-08-12 22:13:50,517 - INFO - Create_gjc_2.0:77 - Archivo creado 001-exo-E-R-TS-optb_c3.gjc
2024-08-12 22:13:50,518 - INFO - Create_gjc_2.0:77 - Archivo creado 001-exo-E-S-prod-optb_c1.gjc
2024-08-12 22:13:50,520 - INFO - Create_gjc_2.0:77 - Archivo creado 001-exo-E-S-prod-optb_c2.gjc
2024-08-12 22:13:50,526 - INFO - Create_gjc_2.0:77 - Archivo creado 001-exo-E-S-TS-optb_c2.gjc
2024-08-12 22:13:50,527 - INFO - Create_gjc_2.0:77 - Archivo creado 001-exo-Z-S-prod-optb_c1.gjc
2024-08-12 22:13:50,535 - INFO - Create_gjc_2.0:77 - Archivo creado 001-exo-Z-S-prod-optb_c2.gjc
2024-08-12 22:13:50,543 - INFO - Create_gjc_2.0:77 - Archivo creado 001-exo-Z-S-TS-optb_c1.gjc
2024-08-12 22:13:50,549 - INFO - Create_gjc_2.0:77 - Archivo creado 001-exo-Z-S-TS-optb_c2.gjc
2024-08-12 22:13:50,555 - INFO - Create_gjc_2.0:77 - Archivo creado 001-Im-E-optb_c1.gjc
2024-08-12 22:13:50,563 - INFO - Create_gjc_2.0:77 - Archivo creado 001-Im-E-optb_c2.gjc
2024-08-12 22:13:50,569 - INFO - Create_gjc_2.0:77 - Archivo creado 001-Im-E-optb_c3.gjc
2024-08-12 22:13:50,576 - INFO - Create_gjc_2.0:77 - Archivo creado 001-Im-Z-optb_c1.gjc
2024-08-12 22:13:50,582 - INFO - Create_gjc_2.0:77 - Archivo creado 001-Im-Z-optb_c2.gjc
2024-08-12 22:13:50,583 - INFO - Create_gjc_2.0:77 - Archivo creado cyclopentadiene.gjc
2024-08-12 22:13:50,584 - INFO - Create_gjc_2.0:77 - Archivo creado trans-2-butenal_c1.gjc
2024-08-12 22:13:50,589 - INFO - Create_gjc_2.0:77 - Archivo creado trans-2-butenal_c2.gjc
2024-08-12 22:13:50,590 - INFO - Create_gjc_2.0:77 - Archivo creado uncat-endo-prod-optb_c1.gjc
2024-08-12 22:13:50,596 - INFO - Create_gjc_2.0:77 - Archivo creado uncat-endo-prod-optb_c2.gjc
2024-08-12 22:13:50,597 - INFO - Create_gjc_2.0:77 - Archivo creado uncat-endo-prod-optb_c3.gjc
2024-08-12 22:13:50,598 - INFO - Create_gjc_2.0:77 - Archivo creado uncat-exo-prod-optb_c1.gjc
2024-08-12 22:13:50,603 - INFO - Create_gjc_2.0:77 - Archivo creado uncat-exo-prod-optb_c2.gjc
2024-08-12 22:13:50,604 - INFO - Create_gjc_2.0:77 - Archivo creado uncat-exo-prod-optb_c3.gjc
2024-08-12 22:14:53,027 - INFO - Create_gjc_2.0:9 - 

-------NEW CREADOR SINGLE POINT-------

2024-08-12 22:14:53,040 - INFO - Create_gjc_2.0:43 - Estructura optimizada copiada a 001-endo-E-R-prod-optb_c1.gjc
2024-08-12 22:14:53,055 - INFO - Create_gjc_2.0:43 - Estructura optimizada copiada a 001-endo-E-R-prod-optb_c2.gjc
2024-08-12 22:14:53,061 - INFO - Create_gjc_2.0:43 - Estructura optimizada copiada a 001-endo-E-S-prod-optb_c1.gjc
2024-08-12 22:14:53,078 - INFO - Create_gjc_2.0:43 - Estructura optimizada copiada a 001-endo-E-S-prod-optb_c2.gjc
2024-08-12 22:14:53,108 - INFO - Create_gjc_2.0:43 - Estructura optimizada copiada a 001-endo-E-S-TS-optb_c2.gjc
2024-08-12 22:14:53,121 - INFO - Create_gjc_2.0:43 - Estructura optimizada copiada a 001-endo-Z-R-prod-optb_c1.gjc
2024-08-12 22:14:53,141 - INFO - Create_gjc_2.0:43 - Estructura optimizada copiada a 001-endo-Z-R-prod-optb_c2.gjc
2024-08-12 22:14:53,168 - INFO - Create_gjc_2.0:43 - Estructura optimizada copiada a 001-endo-Z-R-TS-optb_c2.gjc
2024-08-12 22:14:53,180 - INFO - Create_gjc_2.0:43 - Estructura optimizada copiada a 001-exo-E-R-prod-optb_c1.gjc
2024-08-12 22:14:53,192 - INFO - Create_gjc_2.0:43 - Estructura optimizada copiada a 001-exo-E-R-prod-optb_c2.gjc
2024-08-12 22:14:53,204 - INFO - Create_gjc_2.0:43 - Estructura optimizada copiada a 001-exo-E-R-prod-optb_c3.gjc
2024-08-12 22:14:53,228 - INFO - Create_gjc_2.0:43 - Estructura optimizada copiada a 001-exo-E-R-TS-optb_c1.gjc
2024-08-12 22:14:53,251 - INFO - Create_gjc_2.0:43 - Estructura optimizada copiada a 001-exo-E-R-TS-optb_c2.gjc
2024-08-12 22:14:53,274 - INFO - Create_gjc_2.0:43 - Estructura optimizada copiada a 001-exo-E-R-TS-optb_c3.gjc
2024-08-12 22:14:53,298 - INFO - Create_gjc_2.0:43 - Estructura optimizada copiada a 001-exo-E-S-prod-optb_c1.gjc
2024-08-12 22:14:53,321 - INFO - Create_gjc_2.0:43 - Estructura optimizada copiada a 001-exo-E-S-prod-optb_c2.gjc
2024-08-12 22:14:53,347 - INFO - Create_gjc_2.0:43 - Estructura optimizada copiada a 001-exo-E-S-TS-optb_c2.gjc
2024-08-12 22:14:53,359 - INFO - Create_gjc_2.0:43 - Estructura optimizada copiada a 001-exo-Z-S-prod-optb_c1.gjc
2024-08-12 22:14:53,371 - INFO - Create_gjc_2.0:43 - Estructura optimizada copiada a 001-exo-Z-S-prod-optb_c2.gjc
2024-08-12 22:14:53,396 - INFO - Create_gjc_2.0:43 - Estructura optimizada copiada a 001-exo-Z-S-TS-optb_c1.gjc
2024-08-12 22:14:53,426 - INFO - Create_gjc_2.0:43 - Estructura optimizada copiada a 001-exo-Z-S-TS-optb_c2.gjc
2024-08-12 22:14:53,440 - INFO - Create_gjc_2.0:43 - Estructura optimizada copiada a 001-Im-E-optb_c1.gjc
2024-08-12 22:14:53,453 - INFO - Create_gjc_2.0:43 - Estructura optimizada copiada a 001-Im-E-optb_c2.gjc
2024-08-12 22:14:53,467 - INFO - Create_gjc_2.0:43 - Estructura optimizada copiada a 001-Im-E-optb_c3.gjc
2024-08-12 22:14:53,490 - INFO - Create_gjc_2.0:43 - Estructura optimizada copiada a 001-Im-Z-optb_c1.gjc
2024-08-12 22:14:53,520 - INFO - Create_gjc_2.0:43 - Estructura optimizada copiada a 001-Im-Z-optb_c2.gjc
2024-08-12 22:14:53,523 - INFO - Create_gjc_2.0:43 - Estructura optimizada copiada a cyclopentadiene.gjc
2024-08-12 22:14:53,524 - INFO - Create_gjc_2.0:43 - Estructura optimizada copiada a trans-2-butenal_c1.gjc
2024-08-12 22:14:53,526 - INFO - Create_gjc_2.0:43 - Estructura optimizada copiada a trans-2-butenal_c2.gjc
2024-08-12 22:14:53,530 - INFO - Create_gjc_2.0:43 - Estructura optimizada copiada a uncat-endo-prod-optb_c1.gjc
2024-08-12 22:14:53,535 - INFO - Create_gjc_2.0:43 - Estructura optimizada copiada a uncat-endo-prod-optb_c2.gjc
2024-08-12 22:14:53,539 - INFO - Create_gjc_2.0:43 - Estructura optimizada copiada a uncat-endo-prod-optb_c3.gjc
2024-08-12 22:14:53,542 - INFO - Create_gjc_2.0:43 - Estructura optimizada copiada a uncat-exo-prod-optb_c1.gjc
2024-08-12 22:14:53,547 - INFO - Create_gjc_2.0:43 - Estructura optimizada copiada a uncat-exo-prod-optb_c2.gjc
2024-08-12 22:14:53,550 - INFO - Create_gjc_2.0:43 - Estructura optimizada copiada a uncat-exo-prod-optb_c3.gjc
2024-08-12 22:15:08,603 - INFO - Create_gjc_2.0:77 - Archivo creado 001-endo-E-R-prod-optb_c1.gjc
2024-08-12 22:15:08,604 - INFO - Create_gjc_2.0:77 - Archivo creado 001-endo-E-R-prod-optb_c2.gjc
2024-08-12 22:15:08,605 - INFO - Create_gjc_2.0:77 - Archivo creado 001-endo-E-S-prod-optb_c1.gjc
2024-08-12 22:15:08,607 - INFO - Create_gjc_2.0:77 - Archivo creado 001-endo-E-S-prod-optb_c2.gjc
2024-08-12 22:15:08,608 - INFO - Create_gjc_2.0:77 - Archivo creado 001-endo-E-S-TS-optb_c2.gjc
2024-08-12 22:15:08,614 - INFO - Create_gjc_2.0:77 - Archivo creado 001-endo-Z-R-prod-optb_c1.gjc
2024-08-12 22:15:08,616 - INFO - Create_gjc_2.0:77 - Archivo creado 001-endo-Z-R-prod-optb_c2.gjc
2024-08-12 22:15:08,617 - INFO - Create_gjc_2.0:77 - Archivo creado 001-endo-Z-R-TS-optb_c2.gjc
2024-08-12 22:15:08,619 - INFO - Create_gjc_2.0:77 - Archivo creado 001-exo-E-R-prod-optb_c1.gjc
2024-08-12 22:15:08,620 - INFO - Create_gjc_2.0:77 - Archivo creado 001-exo-E-R-prod-optb_c2.gjc
2024-08-12 22:15:08,622 - INFO - Create_gjc_2.0:77 - Archivo creado 001-exo-E-R-prod-optb_c3.gjc
2024-08-12 22:15:08,624 - INFO - Create_gjc_2.0:77 - Archivo creado 001-exo-E-R-TS-optb_c1.gjc
2024-08-12 22:15:08,625 - INFO - Create_gjc_2.0:77 - Archivo creado 001-exo-E-R-TS-optb_c2.gjc
2024-08-12 22:15:08,626 - INFO - Create_gjc_2.0:77 - Archivo creado 001-exo-E-R-TS-optb_c3.gjc
2024-08-12 22:15:08,627 - INFO - Create_gjc_2.0:77 - Archivo creado 001-exo-E-S-prod-optb_c1.gjc
2024-08-12 22:15:08,628 - INFO - Create_gjc_2.0:77 - Archivo creado 001-exo-E-S-prod-optb_c2.gjc
2024-08-12 22:15:08,630 - INFO - Create_gjc_2.0:77 - Archivo creado 001-exo-E-S-TS-optb_c2.gjc
2024-08-12 22:15:08,632 - INFO - Create_gjc_2.0:77 - Archivo creado 001-exo-Z-S-prod-optb_c1.gjc
2024-08-12 22:15:08,633 - INFO - Create_gjc_2.0:77 - Archivo creado 001-exo-Z-S-prod-optb_c2.gjc
2024-08-12 22:15:08,634 - INFO - Create_gjc_2.0:77 - Archivo creado 001-exo-Z-S-TS-optb_c1.gjc
2024-08-12 22:15:08,635 - INFO - Create_gjc_2.0:77 - Archivo creado 001-exo-Z-S-TS-optb_c2.gjc
2024-08-12 22:15:08,636 - INFO - Create_gjc_2.0:77 - Archivo creado 001-Im-E-optb_c1.gjc
2024-08-12 22:15:08,637 - INFO - Create_gjc_2.0:77 - Archivo creado 001-Im-E-optb_c2.gjc
2024-08-12 22:15:08,638 - INFO - Create_gjc_2.0:77 - Archivo creado 001-Im-E-optb_c3.gjc
2024-08-12 22:15:08,643 - INFO - Create_gjc_2.0:77 - Archivo creado 001-Im-Z-optb_c1.gjc
2024-08-12 22:15:08,645 - INFO - Create_gjc_2.0:77 - Archivo creado 001-Im-Z-optb_c2.gjc
2024-08-12 22:15:08,646 - INFO - Create_gjc_2.0:77 - Archivo creado cyclopentadiene.gjc
2024-08-12 22:15:08,648 - INFO - Create_gjc_2.0:77 - Archivo creado trans-2-butenal_c1.gjc
2024-08-12 22:15:08,653 - INFO - Create_gjc_2.0:77 - Archivo creado trans-2-butenal_c2.gjc
2024-08-12 22:15:08,654 - INFO - Create_gjc_2.0:77 - Archivo creado uncat-endo-prod-optb_c1.gjc
2024-08-12 22:15:08,655 - INFO - Create_gjc_2.0:77 - Archivo creado uncat-endo-prod-optb_c2.gjc
2024-08-12 22:15:08,656 - INFO - Create_gjc_2.0:77 - Archivo creado uncat-endo-prod-optb_c3.gjc
2024-08-12 22:15:08,657 - INFO - Create_gjc_2.0:77 - Archivo creado uncat-exo-prod-optb_c1.gjc
2024-08-12 22:15:08,658 - INFO - Create_gjc_2.0:77 - Archivo creado uncat-exo-prod-optb_c2.gjc
2024-08-12 22:15:08,659 - INFO - Create_gjc_2.0:77 - Archivo creado uncat-exo-prod-optb_c3.gjc
2024-08-12 22:16:06,876 - INFO - Create_gjc_2.0:9 - 

-------NEW CREADOR SINGLE POINT-------

2024-08-12 22:16:06,890 - INFO - Create_gjc_2.0:43 - Estructura optimizada copiada a 001-endo-E-R-prod-optb_c1.gjc
2024-08-12 22:16:06,904 - INFO - Create_gjc_2.0:43 - Estructura optimizada copiada a 001-endo-E-R-prod-optb_c2.gjc
2024-08-12 22:16:06,911 - INFO - Create_gjc_2.0:43 - Estructura optimizada copiada a 001-endo-E-S-prod-optb_c1.gjc
2024-08-12 22:16:06,928 - INFO - Create_gjc_2.0:43 - Estructura optimizada copiada a 001-endo-E-S-prod-optb_c2.gjc
2024-08-12 22:16:06,958 - INFO - Create_gjc_2.0:43 - Estructura optimizada copiada a 001-endo-E-S-TS-optb_c2.gjc
2024-08-12 22:16:06,972 - INFO - Create_gjc_2.0:43 - Estructura optimizada copiada a 001-endo-Z-R-prod-optb_c1.gjc
2024-08-12 22:16:06,994 - INFO - Create_gjc_2.0:43 - Estructura optimizada copiada a 001-endo-Z-R-prod-optb_c2.gjc
2024-08-12 22:16:07,020 - INFO - Create_gjc_2.0:43 - Estructura optimizada copiada a 001-endo-Z-R-TS-optb_c2.gjc
2024-08-12 22:16:07,032 - INFO - Create_gjc_2.0:43 - Estructura optimizada copiada a 001-exo-E-R-prod-optb_c1.gjc
2024-08-12 22:16:07,043 - INFO - Create_gjc_2.0:43 - Estructura optimizada copiada a 001-exo-E-R-prod-optb_c2.gjc
2024-08-12 22:16:07,056 - INFO - Create_gjc_2.0:43 - Estructura optimizada copiada a 001-exo-E-R-prod-optb_c3.gjc
2024-08-12 22:16:07,080 - INFO - Create_gjc_2.0:43 - Estructura optimizada copiada a 001-exo-E-R-TS-optb_c1.gjc
2024-08-12 22:16:07,103 - INFO - Create_gjc_2.0:43 - Estructura optimizada copiada a 001-exo-E-R-TS-optb_c2.gjc
2024-08-12 22:16:07,126 - INFO - Create_gjc_2.0:43 - Estructura optimizada copiada a 001-exo-E-R-TS-optb_c3.gjc
2024-08-12 22:16:07,149 - INFO - Create_gjc_2.0:43 - Estructura optimizada copiada a 001-exo-E-S-prod-optb_c1.gjc
2024-08-12 22:16:07,172 - INFO - Create_gjc_2.0:43 - Estructura optimizada copiada a 001-exo-E-S-prod-optb_c2.gjc
2024-08-12 22:16:07,198 - INFO - Create_gjc_2.0:43 - Estructura optimizada copiada a 001-exo-E-S-TS-optb_c2.gjc
2024-08-12 22:16:07,209 - INFO - Create_gjc_2.0:43 - Estructura optimizada copiada a 001-exo-Z-S-prod-optb_c1.gjc
2024-08-12 22:16:07,222 - INFO - Create_gjc_2.0:43 - Estructura optimizada copiada a 001-exo-Z-S-prod-optb_c2.gjc
2024-08-12 22:16:07,246 - INFO - Create_gjc_2.0:43 - Estructura optimizada copiada a 001-exo-Z-S-TS-optb_c1.gjc
2024-08-12 22:16:07,277 - INFO - Create_gjc_2.0:43 - Estructura optimizada copiada a 001-exo-Z-S-TS-optb_c2.gjc
2024-08-12 22:16:07,291 - INFO - Create_gjc_2.0:43 - Estructura optimizada copiada a 001-Im-E-optb_c1.gjc
2024-08-12 22:16:07,303 - INFO - Create_gjc_2.0:43 - Estructura optimizada copiada a 001-Im-E-optb_c2.gjc
2024-08-12 22:16:07,318 - INFO - Create_gjc_2.0:43 - Estructura optimizada copiada a 001-Im-E-optb_c3.gjc
2024-08-12 22:16:07,341 - INFO - Create_gjc_2.0:43 - Estructura optimizada copiada a 001-Im-Z-optb_c1.gjc
2024-08-12 22:16:07,370 - INFO - Create_gjc_2.0:43 - Estructura optimizada copiada a 001-Im-Z-optb_c2.gjc
2024-08-12 22:16:07,373 - INFO - Create_gjc_2.0:43 - Estructura optimizada copiada a cyclopentadiene.gjc
2024-08-12 22:16:07,375 - INFO - Create_gjc_2.0:43 - Estructura optimizada copiada a trans-2-butenal_c1.gjc
2024-08-12 22:16:07,377 - INFO - Create_gjc_2.0:43 - Estructura optimizada copiada a trans-2-butenal_c2.gjc
2024-08-12 22:16:07,381 - INFO - Create_gjc_2.0:43 - Estructura optimizada copiada a uncat-endo-prod-optb_c1.gjc
2024-08-12 22:16:07,385 - INFO - Create_gjc_2.0:43 - Estructura optimizada copiada a uncat-endo-prod-optb_c2.gjc
2024-08-12 22:16:07,390 - INFO - Create_gjc_2.0:43 - Estructura optimizada copiada a uncat-endo-prod-optb_c3.gjc
2024-08-12 22:16:07,394 - INFO - Create_gjc_2.0:43 - Estructura optimizada copiada a uncat-exo-prod-optb_c1.gjc
2024-08-12 22:16:07,398 - INFO - Create_gjc_2.0:43 - Estructura optimizada copiada a uncat-exo-prod-optb_c2.gjc
2024-08-12 22:16:07,401 - INFO - Create_gjc_2.0:43 - Estructura optimizada copiada a uncat-exo-prod-optb_c3.gjc
2024-08-12 22:16:14,680 - INFO - Create_gjc_2.0:77 - Archivo creado 001-endo-E-R-prod-optb_c1.gjc
2024-08-12 22:16:14,681 - INFO - Create_gjc_2.0:77 - Archivo creado 001-endo-E-R-prod-optb_c2.gjc
2024-08-12 22:16:14,682 - INFO - Create_gjc_2.0:77 - Archivo creado 001-endo-E-S-prod-optb_c1.gjc
2024-08-12 22:16:14,683 - INFO - Create_gjc_2.0:77 - Archivo creado 001-endo-E-S-prod-optb_c2.gjc
2024-08-12 22:16:14,685 - INFO - Create_gjc_2.0:77 - Archivo creado 001-endo-E-S-TS-optb_c2.gjc
2024-08-12 22:16:14,686 - INFO - Create_gjc_2.0:77 - Archivo creado 001-endo-Z-R-prod-optb_c1.gjc
2024-08-12 22:16:14,688 - INFO - Create_gjc_2.0:77 - Archivo creado 001-endo-Z-R-prod-optb_c2.gjc
2024-08-12 22:16:14,689 - INFO - Create_gjc_2.0:77 - Archivo creado 001-endo-Z-R-TS-optb_c2.gjc
2024-08-12 22:16:14,690 - INFO - Create_gjc_2.0:77 - Archivo creado 001-exo-E-R-prod-optb_c1.gjc
2024-08-12 22:16:14,692 - INFO - Create_gjc_2.0:77 - Archivo creado 001-exo-E-R-prod-optb_c2.gjc
2024-08-12 22:16:14,694 - INFO - Create_gjc_2.0:77 - Archivo creado 001-exo-E-R-prod-optb_c3.gjc
2024-08-12 22:16:14,695 - INFO - Create_gjc_2.0:77 - Archivo creado 001-exo-E-R-TS-optb_c1.gjc
2024-08-12 22:16:14,697 - INFO - Create_gjc_2.0:77 - Archivo creado 001-exo-E-R-TS-optb_c2.gjc
2024-08-12 22:16:14,698 - INFO - Create_gjc_2.0:77 - Archivo creado 001-exo-E-R-TS-optb_c3.gjc
2024-08-12 22:16:14,699 - INFO - Create_gjc_2.0:77 - Archivo creado 001-exo-E-S-prod-optb_c1.gjc
2024-08-12 22:16:14,700 - INFO - Create_gjc_2.0:77 - Archivo creado 001-exo-E-S-prod-optb_c2.gjc
2024-08-12 22:16:14,701 - INFO - Create_gjc_2.0:77 - Archivo creado 001-exo-E-S-TS-optb_c2.gjc
2024-08-12 22:16:14,702 - INFO - Create_gjc_2.0:77 - Archivo creado 001-exo-Z-S-prod-optb_c1.gjc
2024-08-12 22:16:14,703 - INFO - Create_gjc_2.0:77 - Archivo creado 001-exo-Z-S-prod-optb_c2.gjc
2024-08-12 22:16:14,705 - INFO - Create_gjc_2.0:77 - Archivo creado 001-exo-Z-S-TS-optb_c1.gjc
2024-08-12 22:16:14,706 - INFO - Create_gjc_2.0:77 - Archivo creado 001-exo-Z-S-TS-optb_c2.gjc
2024-08-12 22:16:14,707 - INFO - Create_gjc_2.0:77 - Archivo creado 001-Im-E-optb_c1.gjc
2024-08-12 22:16:14,708 - INFO - Create_gjc_2.0:77 - Archivo creado 001-Im-E-optb_c2.gjc
2024-08-12 22:16:14,711 - INFO - Create_gjc_2.0:77 - Archivo creado 001-Im-E-optb_c3.gjc
2024-08-12 22:16:14,716 - INFO - Create_gjc_2.0:77 - Archivo creado 001-Im-Z-optb_c1.gjc
2024-08-12 22:16:14,717 - INFO - Create_gjc_2.0:77 - Archivo creado 001-Im-Z-optb_c2.gjc
2024-08-12 22:16:14,719 - INFO - Create_gjc_2.0:77 - Archivo creado cyclopentadiene.gjc
2024-08-12 22:16:14,720 - INFO - Create_gjc_2.0:77 - Archivo creado trans-2-butenal_c1.gjc
2024-08-12 22:16:14,726 - INFO - Create_gjc_2.0:77 - Archivo creado trans-2-butenal_c2.gjc
2024-08-12 22:16:14,727 - INFO - Create_gjc_2.0:77 - Archivo creado uncat-endo-prod-optb_c1.gjc
2024-08-12 22:16:14,728 - INFO - Create_gjc_2.0:77 - Archivo creado uncat-endo-prod-optb_c2.gjc
2024-08-12 22:16:14,729 - INFO - Create_gjc_2.0:77 - Archivo creado uncat-endo-prod-optb_c3.gjc
2024-08-12 22:16:14,731 - INFO - Create_gjc_2.0:77 - Archivo creado uncat-exo-prod-optb_c1.gjc
2024-08-12 22:16:14,732 - INFO - Create_gjc_2.0:77 - Archivo creado uncat-exo-prod-optb_c2.gjc
2024-08-12 22:16:14,733 - INFO - Create_gjc_2.0:77 - Archivo creado uncat-exo-prod-optb_c3.gjc
